#-----------------------------------------------------------
# Vivado v2018.3 (64-bit)
# SW Build 2405991 on Thu Dec  6 23:38:27 MST 2018
# IP Build 2404404 on Fri Dec  7 01:43:56 MST 2018
# Start of session at: Mon Nov 23 03:23:56 2020
# Process ID: 6572
# Current directory: D:/Vivado/catch_pdm_zedboard
# Command line: vivado.exe -gui_launcher_event rodinguilauncherevent8116 D:\Vivado\catch_pdm_zedboard\catch_pdm_zedboard.xpr
# Log file: D:/Vivado/catch_pdm_zedboard/vivado.log
# Journal file: D:/Vivado/catch_pdm_zedboard\vivado.jou
#-----------------------------------------------------------
start_gui
open_project D:/Vivado/catch_pdm_zedboard/catch_pdm_zedboard.xpr
CRITICAL WARNING: [Project 1-19] Could not find the file 'D:/Vivado/catch_pdm_zedboard/catch_pdm_zedboard.srcs/sources_1/imports/code/fir.v'.
Scanning sources...
Finished scanning sources
INFO: [IP_Flow 19-234] Refreshing IP repositories
INFO: [IP_Flow 19-1704] No user IP repositories specified
INFO: [IP_Flow 19-2313] Loaded Vivado IP repository 'C:/Xilinx/Vivado/2018.3/data/ip'.
open_project: Time (s): cpu = 00:00:13 ; elapsed = 00:00:08 . Memory (MB): peak = 815.660 ; gain = 187.039
update_compile_order -fileset sources_1
WARNING: [filemgmt 20-1445] Cannot import file 'D:/Vivado/catch_pdm_zedboard/catch_pdm_zedboard.srcs/sources_1/imports/code/pdm.v' on top of itself. Importing a file from the imported source directory can cause this problem.
add_files -norecurse -scan_for_includes D:/Vivado/catch_pdm_zedboard/catch_pdm_zedboard.srcs/sources_1/imports/code/pdm.v
update_compile_order -fileset sources_1
set_property is_enabled false [get_files  {D:/Vivado/catch_pdm_zedboard/catch_pdm_zedboard.srcs/sources_1/imports/code/accumulator.v D:/Vivado/catch_pdm_zedboard/catch_pdm_zedboard.srcs/sources_1/imports/code/crom.v D:/Vivado/catch_pdm_zedboard/catch_pdm_zedboard.srcs/sources_1/imports/code/multi.v}]
WARNING: [filemgmt 20-1445] Cannot import file 'D:/Vivado/catch_pdm_zedboard/catch_pdm_zedboard.srcs/sources_1/imports/code/Param.v' on top of itself. Importing a file from the imported source directory can cause this problem.
add_files -norecurse -scan_for_includes D:/Vivado/catch_pdm_zedboard/catch_pdm_zedboard.srcs/sources_1/imports/code/Param.v
WARNING: [filemgmt 56-12] File 'D:/Vivado/catch_pdm_zedboard/catch_pdm_zedboard.srcs/sources_1/imports/code/Param.v' cannot be added to the project because it already exists in the project, skipping this file
reset_run synth_1
launch_runs synth_1 -jobs 12
CRITICAL WARNING: [HDL 9-3952] use of undefined macro 'bound' [D:/Vivado/catch_pdm_zedboard/catch_pdm_zedboard.srcs/sources_1/imports/code/dbuf.v:8]
CRITICAL WARNING: [HDL 9-806] Syntax error near "]". [D:/Vivado/catch_pdm_zedboard/catch_pdm_zedboard.srcs/sources_1/imports/code/dbuf.v:8]
[Mon Nov 23 03:30:50 2020] Launched synth_1...
Run output will be captured here: D:/Vivado/catch_pdm_zedboard/catch_pdm_zedboard.runs/synth_1/runme.log
reset_run synth_1
launch_runs synth_1 -jobs 12
CRITICAL WARNING: [HDL 9-3952] use of undefined macro 'bound' [D:/Vivado/catch_pdm_zedboard/catch_pdm_zedboard.srcs/sources_1/imports/code/dbuf.v:8]
CRITICAL WARNING: [HDL 9-806] Syntax error near "]". [D:/Vivado/catch_pdm_zedboard/catch_pdm_zedboard.srcs/sources_1/imports/code/dbuf.v:8]
[Mon Nov 23 03:32:30 2020] Launched synth_1...
Run output will be captured here: D:/Vivado/catch_pdm_zedboard/catch_pdm_zedboard.runs/synth_1/runme.log
reset_run synth_1
launch_runs synth_1 -jobs 12
CRITICAL WARNING: [HDL 9-3952] use of undefined macro 'bound' [D:/Vivado/catch_pdm_zedboard/catch_pdm_zedboard.srcs/sources_1/imports/code/dbuf.v:8]
CRITICAL WARNING: [HDL 9-806] Syntax error near "]". [D:/Vivado/catch_pdm_zedboard/catch_pdm_zedboard.srcs/sources_1/imports/code/dbuf.v:8]
[Mon Nov 23 03:33:10 2020] Launched synth_1...
Run output will be captured here: D:/Vivado/catch_pdm_zedboard/catch_pdm_zedboard.runs/synth_1/runme.log
reset_run synth_1
WARNING: [Vivado 12-1017] Problems encountered:
1. PID not specified

launch_runs synth_1 -jobs 12
CRITICAL WARNING: [HDL 9-3952] use of undefined macro 'bound' [D:/Vivado/catch_pdm_zedboard/catch_pdm_zedboard.srcs/sources_1/imports/code/dbuf.v:8]
CRITICAL WARNING: [HDL 9-806] Syntax error near "]". [D:/Vivado/catch_pdm_zedboard/catch_pdm_zedboard.srcs/sources_1/imports/code/dbuf.v:8]
[Mon Nov 23 03:33:16 2020] Launched synth_1...
Run output will be captured here: D:/Vivado/catch_pdm_zedboard/catch_pdm_zedboard.runs/synth_1/runme.log
reset_run synth_1
launch_runs synth_1 -jobs 12
CRITICAL WARNING: [HDL 9-3952] use of undefined macro 'bound' [D:/Vivado/catch_pdm_zedboard/catch_pdm_zedboard.srcs/sources_1/imports/code/dbuf.v:8]
CRITICAL WARNING: [HDL 9-806] Syntax error near "]". [D:/Vivado/catch_pdm_zedboard/catch_pdm_zedboard.srcs/sources_1/imports/code/dbuf.v:8]
[Mon Nov 23 03:33:37 2020] Launched synth_1...
Run output will be captured here: D:/Vivado/catch_pdm_zedboard/catch_pdm_zedboard.runs/synth_1/runme.log
update_compile_order -fileset sources_1
reset_run synth_1
launch_runs synth_1 -jobs 12
CRITICAL WARNING: [HDL 9-3952] use of undefined macro 'bound' [D:/Vivado/catch_pdm_zedboard/catch_pdm_zedboard.srcs/sources_1/imports/code/dbuf.v:9]
CRITICAL WARNING: [HDL 9-806] Syntax error near "]". [D:/Vivado/catch_pdm_zedboard/catch_pdm_zedboard.srcs/sources_1/imports/code/dbuf.v:9]
[Mon Nov 23 03:35:25 2020] Launched synth_1...
Run output will be captured here: D:/Vivado/catch_pdm_zedboard/catch_pdm_zedboard.runs/synth_1/runme.log
export_ip_user_files -of_objects  [get_files D:/Vivado/catch_pdm_zedboard/catch_pdm_zedboard.srcs/sources_1/imports/code/fir.v] -no_script -reset -force -quiet
remove_files  D:/Vivado/catch_pdm_zedboard/catch_pdm_zedboard.srcs/sources_1/imports/code/fir.v
export_ip_user_files -of_objects  [get_files D:/Vivado/catch_pdm/catch_pdm.srcs/sources_1/new/uart_rx.v] -no_script -reset -force -quiet
export_ip_user_files -of_objects  [get_files D:/Vivado/catch_pdm/catch_pdm.srcs/sources_1/new/uart_tx.v] -no_script -reset -force -quiet
remove_files  {D:/Vivado/catch_pdm/catch_pdm.srcs/sources_1/new/uart_rx.v D:/Vivado/catch_pdm/catch_pdm.srcs/sources_1/new/uart_tx.v}
reset_run synth_1
launch_runs synth_1 -jobs 12
CRITICAL WARNING: [HDL 9-3952] use of undefined macro 'bound' [D:/Vivado/catch_pdm_zedboard/catch_pdm_zedboard.srcs/sources_1/imports/code/dbuf.v:9]
CRITICAL WARNING: [HDL 9-806] Syntax error near "]". [D:/Vivado/catch_pdm_zedboard/catch_pdm_zedboard.srcs/sources_1/imports/code/dbuf.v:9]
[Mon Nov 23 03:36:27 2020] Launched synth_1...
Run output will be captured here: D:/Vivado/catch_pdm_zedboard/catch_pdm_zedboard.runs/synth_1/runme.log
reset_run synth_1
launch_runs synth_1 -jobs 12
[Mon Nov 23 03:36:51 2020] Launched synth_1...
Run output will be captured here: D:/Vivado/catch_pdm_zedboard/catch_pdm_zedboard.runs/synth_1/runme.log
reset_run synth_1
launch_runs synth_1 -jobs 12
[Mon Nov 23 03:39:15 2020] Launched synth_1...
Run output will be captured here: D:/Vivado/catch_pdm_zedboard/catch_pdm_zedboard.runs/synth_1/runme.log
reset_run synth_1
launch_runs synth_1 -jobs 12
[Mon Nov 23 03:40:09 2020] Launched synth_1...
Run output will be captured here: D:/Vivado/catch_pdm_zedboard/catch_pdm_zedboard.runs/synth_1/runme.log
reset_run synth_1
launch_runs synth_1 -jobs 12
[Mon Nov 23 03:41:18 2020] Launched synth_1...
Run output will be captured here: D:/Vivado/catch_pdm_zedboard/catch_pdm_zedboard.runs/synth_1/runme.log
update_compile_order -fileset sources_1
update_compile_order -fileset sources_1
config_webtalk -user off
WARNING: [filemgmt 56-199] Attempt to get parsing info during refresh. "On-the-fly" syntax checking information may be incorrect. [D:/Vivado/catch_pdm_zedboard/catch_pdm_zedboard.srcs/sources_1/imports/code/Param.v:]
WARNING: [filemgmt 56-199] Attempt to get parsing info during refresh. "On-the-fly" syntax checking information may be incorrect. [D:/Vivado/catch_pdm_zedboard/catch_pdm_zedboard.srcs/sources_1/imports/code/MYIP_TOP.v:]
WARNING: [filemgmt 56-199] Attempt to get parsing info during refresh. "On-the-fly" syntax checking information may be incorrect. [D:/Vivado/catch_pdm_zedboard/catch_pdm_zedboard.srcs/sources_1/imports/code/dbuf.v:]
WARNING: [filemgmt 56-199] Attempt to get parsing info during refresh. "On-the-fly" syntax checking information may be incorrect. [D:/Vivado/catch_pdm_zedboard/catch_pdm_zedboard.srcs/sources_1/imports/code/sysctrl.v:]
WARNING: [filemgmt 56-199] Attempt to get parsing info during refresh. "On-the-fly" syntax checking information may be incorrect. [D:/Vivado/catch_pdm_zedboard/catch_pdm_zedboard.srcs/sources_1/imports/new/input_pdm.v:]
WARNING: [filemgmt 56-199] Attempt to get parsing info during refresh. "On-the-fly" syntax checking information may be incorrect. [D:/Vivado/catch_pdm_zedboard/catch_pdm_zedboard.srcs/sources_1/imports/code/pdm.v:]
WARNING: [filemgmt 56-199] Attempt to get parsing info during refresh. "On-the-fly" syntax checking information may be incorrect. [D:/Vivado/catch_pdm_zedboard/catch_pdm_zedboard.srcs/sources_1/imports/code/Param.v:]
WARNING: [filemgmt 56-199] Attempt to get parsing info during refresh. "On-the-fly" syntax checking information may be incorrect. [D:/Vivado/catch_pdm_zedboard/catch_pdm_zedboard.srcs/sources_1/imports/code/MYIP_TOP.v:]
WARNING: [filemgmt 56-199] Attempt to get parsing info during refresh. "On-the-fly" syntax checking information may be incorrect. [D:/Vivado/catch_pdm_zedboard/catch_pdm_zedboard.srcs/sources_1/imports/code/dbuf.v:]
WARNING: [filemgmt 56-199] Attempt to get parsing info during refresh. "On-the-fly" syntax checking information may be incorrect. [D:/Vivado/catch_pdm_zedboard/catch_pdm_zedboard.srcs/sources_1/imports/code/sysctrl.v:]
WARNING: [filemgmt 56-199] Attempt to get parsing info during refresh. "On-the-fly" syntax checking information may be incorrect. [D:/Vivado/catch_pdm_zedboard/catch_pdm_zedboard.srcs/sources_1/imports/new/input_pdm.v:]
WARNING: [filemgmt 56-199] Attempt to get parsing info during refresh. "On-the-fly" syntax checking information may be incorrect. [D:/Vivado/catch_pdm_zedboard/catch_pdm_zedboard.srcs/sources_1/imports/code/pdm.v:]
WARNING: [filemgmt 56-199] Attempt to get parsing info during refresh. "On-the-fly" syntax checking information may be incorrect. [D:/Vivado/catch_pdm_zedboard/catch_pdm_zedboard.srcs/sources_1/imports/code/Param.v:]
WARNING: [filemgmt 56-199] Attempt to get parsing info during refresh. "On-the-fly" syntax checking information may be incorrect. [D:/Vivado/catch_pdm_zedboard/catch_pdm_zedboard.srcs/sources_1/imports/code/MYIP_TOP.v:]
WARNING: [filemgmt 56-199] Attempt to get parsing info during refresh. "On-the-fly" syntax checking information may be incorrect. [D:/Vivado/catch_pdm_zedboard/catch_pdm_zedboard.srcs/sources_1/imports/code/dbuf.v:]
WARNING: [filemgmt 56-199] Attempt to get parsing info during refresh. "On-the-fly" syntax checking information may be incorrect. [D:/Vivado/catch_pdm_zedboard/catch_pdm_zedboard.srcs/sources_1/imports/code/sysctrl.v:]
WARNING: [filemgmt 56-199] Attempt to get parsing info during refresh. "On-the-fly" syntax checking information may be incorrect. [D:/Vivado/catch_pdm_zedboard/catch_pdm_zedboard.srcs/sources_1/imports/new/input_pdm.v:]
WARNING: [filemgmt 56-199] Attempt to get parsing info during refresh. "On-the-fly" syntax checking information may be incorrect. [D:/Vivado/catch_pdm_zedboard/catch_pdm_zedboard.srcs/sources_1/imports/code/pdm.v:]
WARNING: [filemgmt 56-199] Attempt to get parsing info during refresh. "On-the-fly" syntax checking information may be incorrect. [D:/Vivado/catch_pdm_zedboard/catch_pdm_zedboard.srcs/sources_1/imports/code/Param.v:]
WARNING: [filemgmt 56-199] Attempt to get parsing info during refresh. "On-the-fly" syntax checking information may be incorrect. [D:/Vivado/catch_pdm_zedboard/catch_pdm_zedboard.srcs/sources_1/imports/code/MYIP_TOP.v:]
WARNING: [filemgmt 56-199] Attempt to get parsing info during refresh. "On-the-fly" syntax checking information may be incorrect. [D:/Vivado/catch_pdm_zedboard/catch_pdm_zedboard.srcs/sources_1/imports/code/dbuf.v:]
WARNING: [filemgmt 56-199] Attempt to get parsing info during refresh. "On-the-fly" syntax checking information may be incorrect. [D:/Vivado/catch_pdm_zedboard/catch_pdm_zedboard.srcs/sources_1/imports/code/sysctrl.v:]
WARNING: [filemgmt 56-199] Attempt to get parsing info during refresh. "On-the-fly" syntax checking information may be incorrect. [D:/Vivado/catch_pdm_zedboard/catch_pdm_zedboard.srcs/sources_1/imports/new/input_pdm.v:]
WARNING: [filemgmt 56-199] Attempt to get parsing info during refresh. "On-the-fly" syntax checking information may be incorrect. [D:/Vivado/catch_pdm_zedboard/catch_pdm_zedboard.srcs/sources_1/imports/code/pdm.v:]
WARNING: [filemgmt 56-199] Attempt to get parsing info during refresh. "On-the-fly" syntax checking information may be incorrect. [D:/Vivado/catch_pdm_zedboard/catch_pdm_zedboard.srcs/sources_1/imports/code/Param.v:]
WARNING: [filemgmt 56-199] Attempt to get parsing info during refresh. "On-the-fly" syntax checking information may be incorrect. [D:/Vivado/catch_pdm_zedboard/catch_pdm_zedboard.srcs/sources_1/imports/code/MYIP_TOP.v:]
WARNING: [filemgmt 56-199] Attempt to get parsing info during refresh. "On-the-fly" syntax checking information may be incorrect. [D:/Vivado/catch_pdm_zedboard/catch_pdm_zedboard.srcs/sources_1/imports/code/dbuf.v:]
WARNING: [filemgmt 56-199] Attempt to get parsing info during refresh. "On-the-fly" syntax checking information may be incorrect. [D:/Vivado/catch_pdm_zedboard/catch_pdm_zedboard.srcs/sources_1/imports/code/sysctrl.v:]
WARNING: [filemgmt 56-199] Attempt to get parsing info during refresh. "On-the-fly" syntax checking information may be incorrect. [D:/Vivado/catch_pdm_zedboard/catch_pdm_zedboard.srcs/sources_1/imports/new/input_pdm.v:]
WARNING: [filemgmt 56-199] Attempt to get parsing info during refresh. "On-the-fly" syntax checking information may be incorrect. [D:/Vivado/catch_pdm_zedboard/catch_pdm_zedboard.srcs/sources_1/imports/code/pdm.v:]
