#-----------------------------------------------------------
# Vivado v2018.3 (64-bit)
# SW Build 2405991 on Thu Dec  6 23:38:27 MST 2018
# IP Build 2404404 on Fri Dec  7 01:43:56 MST 2018
# Start of session at: Fri Nov 20 00:26:54 2020
# Process ID: 19848
# Current directory: D:/Vivado/catch_pdm_zedboard
# Command line: vivado.exe -gui_launcher_event rodinguilauncherevent7828 D:\Vivado\catch_pdm_zedboard\catch_pdm_zedboard.xpr
# Log file: D:/Vivado/catch_pdm_zedboard/vivado.log
# Journal file: D:/Vivado/catch_pdm_zedboard\vivado.jou
#-----------------------------------------------------------
start_gui
open_project D:/Vivado/catch_pdm_zedboard/catch_pdm_zedboard.xpr
Scanning sources...
Finished scanning sources
INFO: [IP_Flow 19-234] Refreshing IP repositories
INFO: [IP_Flow 19-1704] No user IP repositories specified
INFO: [IP_Flow 19-2313] Loaded Vivado IP repository 'C:/Xilinx/Vivado/2018.3/data/ip'.
open_project: Time (s): cpu = 00:00:10 ; elapsed = 00:00:05 . Memory (MB): peak = 758.164 ; gain = 116.984
update_compile_order -fileset sources_1
launch_runs impl_1 -to_step write_bitstream -jobs 12
[Fri Nov 20 04:29:15 2020] Launched synth_1...
Run output will be captured here: D:/Vivado/catch_pdm_zedboard/catch_pdm_zedboard.runs/synth_1/runme.log
[Fri Nov 20 04:29:15 2020] Launched impl_1...
Run output will be captured here: D:/Vivado/catch_pdm_zedboard/catch_pdm_zedboard.runs/impl_1/runme.log
exit
INFO: [Common 17-206] Exiting Vivado at Fri Nov 20 04:30:31 2020...
